This is pdfTeX, Version 3.1415926-2.4-1.40.13 (TeX Live 2012) (format=pdflatex 2012.10.31)  13 DEC 2012 17:04
entering extended mode
 restricted \write18 enabled.
 %&-line parsing enabled.
**Report.tex
(./Report.tex
LaTeX2e <2011/06/27>
Babel <v3.8m> and hyphenation patterns for english, dumylang, nohyphenation, ge
rman-x-2012-05-30, ngerman-x-2012-05-30, afrikaans, ancientgreek, ibycus, arabi
c, armenian, basque, bulgarian, catalan, pinyin, coptic, croatian, czech, danis
h, dutch, ukenglish, usenglishmax, esperanto, estonian, ethiopic, farsi, finnis
h, french, friulan, galician, german, ngerman, swissgerman, monogreek, greek, h
ungarian, icelandic, assamese, bengali, gujarati, hindi, kannada, malayalam, ma
rathi, oriya, panjabi, tamil, telugu, indonesian, interlingua, irish, italian, 
kurmanji, latin, latvian, lithuanian, mongolian, mongolianlmc, bokmal, nynorsk,
 polish, portuguese, romanian, romansh, russian, sanskrit, serbian, serbianc, s
lovak, slovenian, spanish, swedish, turkish, turkmen, ukrainian, uppersorbian, 
welsh, loaded.
(/usr/local/texlive/2012/texmf-dist/tex/latex/base/report.cls
Document Class: report 2007/10/19 v1.4h Standard LaTeX document class
(/usr/local/texlive/2012/texmf-dist/tex/latex/base/size10.clo
File: size10.clo 2007/10/19 v1.4h Standard LaTeX file (size option)
)
\c@part=\count79
\c@chapter=\count80
\c@section=\count81
\c@subsection=\count82
\c@subsubsection=\count83
\c@paragraph=\count84
\c@subparagraph=\count85
\c@figure=\count86
\c@table=\count87
\abovecaptionskip=\skip41
\belowcaptionskip=\skip42
\bibindent=\dimen102
) (./ethReLab.sty
Package: ethReLab 2010/09/02, v. 1.1
providing new style definitions and commands ---
(/usr/local/texlive/2012/texmf-dist/tex/latex/colortbl/colortbl.sty
Package: colortbl 2012/02/13 v1.0a Color table columns (DPC)

(/usr/local/texlive/2012/texmf-dist/tex/latex/tools/array.sty
Package: array 2008/09/09 v2.4c Tabular extension package (FMi)
\col@sep=\dimen103
\extrarowheight=\dimen104
\NC@list=\toks14
\extratabsurround=\skip43
\backup@length=\skip44
)
(/usr/local/texlive/2012/texmf-dist/tex/latex/graphics/color.sty
Package: color 2005/11/14 v1.0j Standard LaTeX Color (DPC)

(/usr/local/texlive/2012/texmf-dist/tex/latex/latexconfig/color.cfg
File: color.cfg 2007/01/18 v1.5 color configuration of teTeX/TeXLive
)
Package color Info: Driver file: pdftex.def on input line 130.

(/usr/local/texlive/2012/texmf-dist/tex/latex/pdftex-def/pdftex.def
File: pdftex.def 2011/05/27 v0.06d Graphics/color for pdfTeX

(/usr/local/texlive/2012/texmf-dist/tex/generic/oberdiek/infwarerr.sty
Package: infwarerr 2010/04/08 v1.3 Providing info/warning/error messages (HO)
)
(/usr/local/texlive/2012/texmf-dist/tex/generic/oberdiek/ltxcmds.sty
Package: ltxcmds 2011/11/09 v1.22 LaTeX kernel commands for general use (HO)
)
\Gread@gobject=\count88
))
\everycr=\toks15
\minrowclearance=\skip45
))
(./a4.sty
Package: a4 1999/03/03 v1.2f A4 based page layout
) (/usr/local/texlive/2012/texmf-dist/tex/latex/base/inputenc.sty
Package: inputenc 2008/03/30 v1.1d Input encoding file
\inpenc@prehook=\toks16
\inpenc@posthook=\toks17

(/usr/local/texlive/2012/texmf-dist/tex/latex/base/latin1.def
File: latin1.def 2008/03/30 v1.1d Input encoding file
))
(/usr/local/texlive/2012/texmf-dist/tex/latex/amsmath/amsmath.sty
Package: amsmath 2000/07/18 v2.13 AMS math features
\@mathmargin=\skip46

For additional information on amsmath, use the `?' option.
(/usr/local/texlive/2012/texmf-dist/tex/latex/amsmath/amstext.sty
Package: amstext 2000/06/29 v2.01

(/usr/local/texlive/2012/texmf-dist/tex/latex/amsmath/amsgen.sty
File: amsgen.sty 1999/11/30 v2.0
\@emptytoks=\toks18
\ex@=\dimen105
))
(/usr/local/texlive/2012/texmf-dist/tex/latex/amsmath/amsbsy.sty
Package: amsbsy 1999/11/29 v1.2d
\pmbraise@=\dimen106
)
(/usr/local/texlive/2012/texmf-dist/tex/latex/amsmath/amsopn.sty
Package: amsopn 1999/12/14 v2.01 operator names
)
\inf@bad=\count89
LaTeX Info: Redefining \frac on input line 211.
\uproot@=\count90
\leftroot@=\count91
LaTeX Info: Redefining \overline on input line 307.
\classnum@=\count92
\DOTSCASE@=\count93
LaTeX Info: Redefining \ldots on input line 379.
LaTeX Info: Redefining \dots on input line 382.
LaTeX Info: Redefining \cdots on input line 467.
\Mathstrutbox@=\box26
\strutbox@=\box27
\big@size=\dimen107
LaTeX Font Info:    Redeclaring font encoding OML on input line 567.
LaTeX Font Info:    Redeclaring font encoding OMS on input line 568.
\macc@depth=\count94
\c@MaxMatrixCols=\count95
\dotsspace@=\muskip10
\c@parentequation=\count96
\dspbrk@lvl=\count97
\tag@help=\toks19
\row@=\count98
\column@=\count99
\maxfields@=\count100
\andhelp@=\toks20
\eqnshift@=\dimen108
\alignsep@=\dimen109
\tagshift@=\dimen110
\tagwidth@=\dimen111
\totwidth@=\dimen112
\lineht@=\dimen113
\@envbody=\toks21
\multlinegap=\skip47
\multlinetaggap=\skip48
\mathdisplay@stack=\toks22
LaTeX Info: Redefining \[ on input line 2666.
LaTeX Info: Redefining \] on input line 2667.
)
(/usr/local/texlive/2012/texmf-dist/tex/latex/amsfonts/amssymb.sty
Package: amssymb 2009/06/22 v3.00

(/usr/local/texlive/2012/texmf-dist/tex/latex/amsfonts/amsfonts.sty
Package: amsfonts 2009/06/22 v3.00 Basic AMSFonts support
\symAMSa=\mathgroup4
\symAMSb=\mathgroup5
LaTeX Font Info:    Overwriting math alphabet `\mathfrak' in version `bold'
(Font)                  U/euf/m/n --> U/euf/b/n on input line 96.
))
(/usr/local/texlive/2012/texmf-dist/tex/latex/float/float.sty
Package: float 2001/11/08 v1.3d Float enhancements (AL)
\c@float@type=\count101
\float@exts=\toks23
\float@box=\box28
\@float@everytoks=\toks24
\@floatcapt=\box29
) (./fancyhdr.sty
\fancy@headwidth=\skip49
\f@ncyO@elh=\skip50
\f@ncyO@erh=\skip51
\f@ncyO@olh=\skip52
\f@ncyO@orh=\skip53
\f@ncyO@elf=\skip54
\f@ncyO@erf=\skip55
\f@ncyO@olf=\skip56
\f@ncyO@orf=\skip57
) (/usr/local/texlive/2012/texmf-dist/tex/latex/rotating/rotating.sty
Package: rotating 2009/03/28 v2.16a rotated objects in LaTeX

(/usr/local/texlive/2012/texmf-dist/tex/latex/graphics/graphicx.sty
Package: graphicx 1999/02/16 v1.0f Enhanced LaTeX Graphics (DPC,SPQR)

(/usr/local/texlive/2012/texmf-dist/tex/latex/graphics/keyval.sty
Package: keyval 1999/03/16 v1.13 key=value parser (DPC)
\KV@toks@=\toks25
)
(/usr/local/texlive/2012/texmf-dist/tex/latex/graphics/graphics.sty
Package: graphics 2009/02/05 v1.0o Standard LaTeX Graphics (DPC,SPQR)

(/usr/local/texlive/2012/texmf-dist/tex/latex/graphics/trig.sty
Package: trig 1999/03/16 v1.09 sin cos tan (DPC)
)
(/usr/local/texlive/2012/texmf-dist/tex/latex/latexconfig/graphics.cfg
File: graphics.cfg 2010/04/23 v1.9 graphics configuration of TeX Live
)
Package graphics Info: Driver file: pdftex.def on input line 91.
)
\Gin@req@height=\dimen114
\Gin@req@width=\dimen115
)
(/usr/local/texlive/2012/texmf-dist/tex/latex/base/ifthen.sty
Package: ifthen 2001/05/26 v1.1c Standard LaTeX ifthen package (DPC)
)
\c@r@tfl@t=\count102
\rotFPtop=\skip58
\rotFPbot=\skip59
\rot@float@box=\box30
\rot@mess@toks=\toks26
)
(/usr/local/texlive/2012/texmf-dist/tex/latex/multirow/multirow.sty
\bigstrutjot=\dimen116
)
(/usr/local/texlive/2012/texmf-dist/tex/latex/url/url.sty
\Urlmuskip=\muskip11
Package: url 2006/04/12  ver 3.3  Verb mode for urls, etc.
)
(/usr/local/texlive/2012/texmf-dist/tex/generic/oberdiek/ifpdf.sty
Package: ifpdf 2011/01/30 v2.3 Provides the ifpdf switch (HO)
Package ifpdf Info: pdfTeX in PDF mode is detected.
)
(/usr/local/texlive/2012/texmf-dist/tex/latex/pdfpages/pdfpages.sty
Package: pdfpages 2012/08/31 v0.4t Insert pages of external PDF documents (AM)

(/usr/local/texlive/2012/texmf-dist/tex/latex/tools/calc.sty
Package: calc 2007/08/22 v4.3 Infix arithmetic (KKT,FJ)
\calc@Acount=\count103
\calc@Bcount=\count104
\calc@Adimen=\dimen117
\calc@Bdimen=\dimen118
\calc@Askip=\skip60
\calc@Bskip=\skip61
LaTeX Info: Redefining \setlength on input line 76.
LaTeX Info: Redefining \addtolength on input line 77.
\calc@Ccount=\count105
\calc@Cskip=\skip62
)
(/usr/local/texlive/2012/texmf-dist/tex/latex/eso-pic/eso-pic.sty
Package: eso-pic 2010/10/06 v2.0c eso-pic (RN)

(/usr/local/texlive/2012/texmf-dist/tex/generic/oberdiek/atbegshi.sty
Package: atbegshi 2011/10/05 v1.16 At begin shipout hook (HO)
))
(/usr/local/texlive/2012/texmf-dist/tex/latex/pdfpages/pppdftex.def
File: pppdftex.def 2012/08/31 v0.4t Pdfpages driver for pdfTeX (AM)
)
\AM@pagebox=\box31
\AM@toc@title=\toks27
\c@AM@survey=\count106
\AM@templatesizebox=\box32
)
(./mcode.sty
-- Package: `mcode' 1.7 <2010/02/01> --
Package: mcode 2010/02/01 1.7
 - settings optimized for display (colour formating)
(/usr/local/texlive/2012/texmf-dist/tex/latex/listings/listings.sty
\lst@mode=\count107
\lst@gtempboxa=\box33
\lst@token=\toks28
\lst@length=\count108
\lst@currlwidth=\dimen119
\lst@column=\count109
\lst@pos=\count110
\lst@lostspace=\dimen120
\lst@width=\dimen121
\lst@newlines=\count111
\lst@lineno=\count112
\lst@maxwidth=\dimen122

(/usr/local/texlive/2012/texmf-dist/tex/latex/listings/lstmisc.sty
File: lstmisc.sty 2007/02/22 1.4 (Carsten Heinz)
\c@lstnumber=\count113
\lst@skipnumbers=\count114
\lst@framebox=\box34
)
(/usr/local/texlive/2012/texmf-dist/tex/latex/listings/listings.cfg
File: listings.cfg 2007/02/22 1.4 listings configuration
))
Package: listings 2007/02/22 1.4 (Carsten Heinz)

(/usr/local/texlive/2012/texmf-dist/tex/latex/base/textcomp.sty
Package: textcomp 2005/09/27 v1.99g Standard LaTeX package
Package textcomp Info: Sub-encoding information:
(textcomp)               5 = only ISO-Adobe without \textcurrency
(textcomp)               4 = 5 + \texteuro
(textcomp)               3 = 4 + \textohm
(textcomp)               2 = 3 + \textestimated + \textcurrency
(textcomp)               1 = TS1 - \textcircled - \t
(textcomp)               0 = TS1 (full)
(textcomp)             Font families with sub-encoding setting implement
(textcomp)             only a restricted character set as indicated.
(textcomp)             Family '?' is the default used for unknown fonts.
(textcomp)             See the documentation for details.
Package textcomp Info: Setting ? sub-encoding to TS1/1 on input line 71.

(/usr/local/texlive/2012/texmf-dist/tex/latex/base/ts1enc.def
File: ts1enc.def 2001/06/05 v3.0e (jk/car/fm) Standard LaTeX file
)
LaTeX Info: Redefining \oldstylenums on input line 266.
Package textcomp Info: Setting cmr sub-encoding to TS1/0 on input line 281.
Package textcomp Info: Setting cmss sub-encoding to TS1/0 on input line 282.
Package textcomp Info: Setting cmtt sub-encoding to TS1/0 on input line 283.
Package textcomp Info: Setting cmvtt sub-encoding to TS1/0 on input line 284.
Package textcomp Info: Setting cmbr sub-encoding to TS1/0 on input line 285.
Package textcomp Info: Setting cmtl sub-encoding to TS1/0 on input line 286.
Package textcomp Info: Setting ccr sub-encoding to TS1/0 on input line 287.
Package textcomp Info: Setting ptm sub-encoding to TS1/4 on input line 288.
Package textcomp Info: Setting pcr sub-encoding to TS1/4 on input line 289.
Package textcomp Info: Setting phv sub-encoding to TS1/4 on input line 290.
Package textcomp Info: Setting ppl sub-encoding to TS1/3 on input line 291.
Package textcomp Info: Setting pag sub-encoding to TS1/4 on input line 292.
Package textcomp Info: Setting pbk sub-encoding to TS1/4 on input line 293.
Package textcomp Info: Setting pnc sub-encoding to TS1/4 on input line 294.
Package textcomp Info: Setting pzc sub-encoding to TS1/4 on input line 295.
Package textcomp Info: Setting bch sub-encoding to TS1/4 on input line 296.
Package textcomp Info: Setting put sub-encoding to TS1/5 on input line 297.
Package textcomp Info: Setting uag sub-encoding to TS1/5 on input line 298.
Package textcomp Info: Setting ugq sub-encoding to TS1/5 on input line 299.
Package textcomp Info: Setting ul8 sub-encoding to TS1/4 on input line 300.
Package textcomp Info: Setting ul9 sub-encoding to TS1/4 on input line 301.
Package textcomp Info: Setting augie sub-encoding to TS1/5 on input line 302.
Package textcomp Info: Setting dayrom sub-encoding to TS1/3 on input line 303.
Package textcomp Info: Setting dayroms sub-encoding to TS1/3 on input line 304.

Package textcomp Info: Setting pxr sub-encoding to TS1/0 on input line 305.
Package textcomp Info: Setting pxss sub-encoding to TS1/0 on input line 306.
Package textcomp Info: Setting pxtt sub-encoding to TS1/0 on input line 307.
Package textcomp Info: Setting txr sub-encoding to TS1/0 on input line 308.
Package textcomp Info: Setting txss sub-encoding to TS1/0 on input line 309.
Package textcomp Info: Setting txtt sub-encoding to TS1/0 on input line 310.
Package textcomp Info: Setting lmr sub-encoding to TS1/0 on input line 311.
Package textcomp Info: Setting lmdh sub-encoding to TS1/0 on input line 312.
Package textcomp Info: Setting lmss sub-encoding to TS1/0 on input line 313.
Package textcomp Info: Setting lmssq sub-encoding to TS1/0 on input line 314.
Package textcomp Info: Setting lmvtt sub-encoding to TS1/0 on input line 315.
Package textcomp Info: Setting qhv sub-encoding to TS1/0 on input line 316.
Package textcomp Info: Setting qag sub-encoding to TS1/0 on input line 317.
Package textcomp Info: Setting qbk sub-encoding to TS1/0 on input line 318.
Package textcomp Info: Setting qcr sub-encoding to TS1/0 on input line 319.
Package textcomp Info: Setting qcs sub-encoding to TS1/0 on input line 320.
Package textcomp Info: Setting qpl sub-encoding to TS1/0 on input line 321.
Package textcomp Info: Setting qtm sub-encoding to TS1/0 on input line 322.
Package textcomp Info: Setting qzc sub-encoding to TS1/0 on input line 323.
Package textcomp Info: Setting qhvc sub-encoding to TS1/0 on input line 324.
Package textcomp Info: Setting futs sub-encoding to TS1/4 on input line 325.
Package textcomp Info: Setting futx sub-encoding to TS1/4 on input line 326.
Package textcomp Info: Setting futj sub-encoding to TS1/4 on input line 327.
Package textcomp Info: Setting hlh sub-encoding to TS1/3 on input line 328.
Package textcomp Info: Setting hls sub-encoding to TS1/3 on input line 329.
Package textcomp Info: Setting hlst sub-encoding to TS1/3 on input line 330.
Package textcomp Info: Setting hlct sub-encoding to TS1/5 on input line 331.
Package textcomp Info: Setting hlx sub-encoding to TS1/5 on input line 332.
Package textcomp Info: Setting hlce sub-encoding to TS1/5 on input line 333.
Package textcomp Info: Setting hlcn sub-encoding to TS1/5 on input line 334.
Package textcomp Info: Setting hlcw sub-encoding to TS1/5 on input line 335.
Package textcomp Info: Setting hlcf sub-encoding to TS1/5 on input line 336.
Package textcomp Info: Setting pplx sub-encoding to TS1/3 on input line 337.
Package textcomp Info: Setting pplj sub-encoding to TS1/3 on input line 338.
Package textcomp Info: Setting ptmx sub-encoding to TS1/4 on input line 339.
Package textcomp Info: Setting ptmj sub-encoding to TS1/4 on input line 340.
))
(/usr/local/texlive/2012/texmf-dist/tex/latex/cite/cite.sty
LaTeX Info: Redefining \cite on input line 302.
LaTeX Info: Redefining \nocite on input line 373.
Package: cite 2010/09/10  v 5.3
)
(/usr/local/texlive/2012/texmf-dist/tex/latex/oberdiek/pdflscape.sty
Package: pdflscape 2008/08/11 v0.10 Display of landscape pages in PDF (HO)

(/usr/local/texlive/2012/texmf-dist/tex/latex/graphics/lscape.sty
Package: lscape 2000/10/22 v3.01 Landscape Pages (DPC)
)
Package pdflscape Info: Auto-detected driver: pdftex on input line 80.

(/usr/local/texlive/2012/texmf-dist/tex/generic/ifxetex/ifxetex.sty
Package: ifxetex 2010/09/12 v0.6 Provides ifxetex conditional
))
(/usr/local/texlive/2012/texmf-dist/tex/latex/lipsum/lipsum.sty
Package: lipsum 2011/04/14 v1.2 150 paragraphs of Lorem Ipsum dummy text
\c@lips@count=\count115
)
(/usr/local/texlive/2012/texmf-dist/tex/latex/subfigure/subfigure.sty
Package: subfigure 2002/03/15 v2.1.5 subfigure package
\subfigtopskip=\skip63
\subfigcapskip=\skip64
\subfigcaptopadj=\dimen123
\subfigbottomskip=\skip65
\subfigcapmargin=\dimen124
\subfiglabelskip=\skip66
\c@subfigure=\count116
\c@lofdepth=\count117
\c@subtable=\count118
\c@lotdepth=\count119

****************************************
* Local config file subfigure.cfg used *
****************************************
(/usr/local/texlive/2012/texmf-dist/tex/latex/subfigure/subfigure.cfg)
\subfig@top=\skip67
\subfig@bottom=\skip68
)
(/usr/local/texlive/2012/texmf-dist/tex/latex/hyperref/hyperref.sty
Package: hyperref 2012/10/15 v6.83k Hypertext links for LaTeX

(/usr/local/texlive/2012/texmf-dist/tex/generic/oberdiek/hobsub-hyperref.sty
Package: hobsub-hyperref 2012/05/28 v1.13 Bundle oberdiek, subset hyperref (HO)


(/usr/local/texlive/2012/texmf-dist/tex/generic/oberdiek/hobsub-generic.sty
Package: hobsub-generic 2012/05/28 v1.13 Bundle oberdiek, subset generic (HO)
Package: hobsub 2012/05/28 v1.13 Construct package bundles (HO)
Package hobsub Info: Skipping package `infwarerr' (already loaded).
Package hobsub Info: Skipping package `ltxcmds' (already loaded).
Package: ifluatex 2010/03/01 v1.3 Provides the ifluatex switch (HO)
Package ifluatex Info: LuaTeX not detected.
Package: ifvtex 2010/03/01 v1.5 Detect VTeX and its facilities (HO)
Package ifvtex Info: VTeX not detected.
Package: intcalc 2007/09/27 v1.1 Expandable calculations with integers (HO)
Package hobsub Info: Skipping package `ifpdf' (already loaded).
Package: etexcmds 2011/02/16 v1.5 Avoid name clashes with e-TeX commands (HO)
Package etexcmds Info: Could not find \expanded.
(etexcmds)             That can mean that you are not using pdfTeX 1.50 or
(etexcmds)             that some package has redefined \expanded.
(etexcmds)             In the latter case, load this package earlier.
Package: kvsetkeys 2012/04/25 v1.16 Key value parser (HO)
Package: kvdefinekeys 2011/04/07 v1.3 Define keys (HO)
Package: pdftexcmds 2011/11/29 v0.20 Utility functions of pdfTeX for LuaTeX (HO
)
Package pdftexcmds Info: LuaTeX not detected.
Package pdftexcmds Info: \pdf@primitive is available.
Package pdftexcmds Info: \pdf@ifprimitive is available.
Package pdftexcmds Info: \pdfdraftmode found.
Package: pdfescape 2011/11/25 v1.13 Implements pdfTeX's escape features (HO)
Package: bigintcalc 2012/04/08 v1.3 Expandable calculations on big integers (HO
)
Package: bitset 2011/01/30 v1.1 Handle bit-vector datatype (HO)
Package: uniquecounter 2011/01/30 v1.2 Provide unlimited unique counter (HO)
)
Package hobsub Info: Skipping package `hobsub' (already loaded).
Package: letltxmacro 2010/09/02 v1.4 Let assignment for LaTeX macros (HO)
Package: hopatch 2012/05/28 v1.2 Wrapper for package hooks (HO)
Package: xcolor-patch 2011/01/30 xcolor patch
Package: atveryend 2011/06/30 v1.8 Hooks at the very end of document (HO)
Package atveryend Info: \enddocument detected (standard20110627).
Package hobsub Info: Skipping package `atbegshi' (already loaded).
Package: refcount 2011/10/16 v3.4 Data extraction from label references (HO)
Package: hycolor 2011/01/30 v1.7 Color options for hyperref/bookmark (HO)
)
(/usr/local/texlive/2012/texmf-dist/tex/latex/oberdiek/auxhook.sty
Package: auxhook 2011/03/04 v1.3 Hooks for auxiliary files (HO)
)
(/usr/local/texlive/2012/texmf-dist/tex/latex/oberdiek/kvoptions.sty
Package: kvoptions 2011/06/30 v3.11 Key value format for package options (HO)
)
\@linkdim=\dimen125
\Hy@linkcounter=\count120
\Hy@pagecounter=\count121

(/usr/local/texlive/2012/texmf-dist/tex/latex/hyperref/pd1enc.def
File: pd1enc.def 2012/10/15 v6.83k Hyperref: PDFDocEncoding definition (HO)
)
\Hy@SavedSpaceFactor=\count122

(/usr/local/texlive/2012/texmf-dist/tex/latex/latexconfig/hyperref.cfg
File: hyperref.cfg 2002/06/06 v1.2 hyperref configuration of TeXLive
)
Package hyperref Info: Hyper figures OFF on input line 4322.
Package hyperref Info: Link nesting OFF on input line 4327.
Package hyperref Info: Hyper index ON on input line 4330.
Package hyperref Info: Plain pages OFF on input line 4337.
Package hyperref Info: Backreferencing OFF on input line 4342.
Package hyperref Info: Implicit mode ON; LaTeX internals redefined.
Package hyperref Info: Bookmarks ON on input line 4567.
\c@Hy@tempcnt=\count123
LaTeX Info: Redefining \url on input line 4920.
\XeTeXLinkMargin=\dimen126
\Fld@menulength=\count124
\Field@Width=\dimen127
\Fld@charsize=\dimen128
Package hyperref Info: Hyper figures OFF on input line 6174.
Package hyperref Info: Link nesting OFF on input line 6179.
Package hyperref Info: Hyper index ON on input line 6182.
Package hyperref Info: backreferencing OFF on input line 6189.
Package hyperref Info: Link coloring OFF on input line 6194.
Package hyperref Info: Link coloring with OCG OFF on input line 6199.
Package hyperref Info: PDF/A mode OFF on input line 6204.
LaTeX Info: Redefining \ref on input line 6244.
LaTeX Info: Redefining \pageref on input line 6248.
\Hy@abspage=\count125
\c@Item=\count126
\c@Hfootnote=\count127
)

Package hyperref Message: Driver (autodetected): hpdftex.

(/usr/local/texlive/2012/texmf-dist/tex/latex/hyperref/hpdftex.def
File: hpdftex.def 2012/10/15 v6.83k Hyperref driver for pdfTeX
\Fld@listcount=\count128
\c@bookmark@seq@number=\count129

(/usr/local/texlive/2012/texmf-dist/tex/latex/oberdiek/rerunfilecheck.sty
Package: rerunfilecheck 2011/04/15 v1.7 Rerun checks for auxiliary files (HO)
Package uniquecounter Info: New unique counter `rerunfilecheck' on input line 2
82.
)
\Hy@SectionHShift=\skip69
)
Package color Info: Redefining color black on input line 33.
Package color Info: Redefining color white on input line 34.


Package hyperref Warning: Option `bookmarks' has already been used,
(hyperref)                setting the option has no effect on input line 51.

Package hyperref Info: Option `colorlinks' set `true' on input line 51.
(./Report.aux (./preamble.aux) (./introduction.aux) (./experimentalsetup.aux)
(./methodofattack.aux) (./results.aux) (./conclusion.aux) (./appendix.aux))
\openout1 = `Report.aux'.

LaTeX Font Info:    Checking defaults for OML/cmm/m/it on input line 86.
LaTeX Font Info:    ... okay on input line 86.
LaTeX Font Info:    Checking defaults for T1/cmr/m/n on input line 86.
LaTeX Font Info:    ... okay on input line 86.
LaTeX Font Info:    Checking defaults for OT1/cmr/m/n on input line 86.
LaTeX Font Info:    ... okay on input line 86.
LaTeX Font Info:    Checking defaults for OMS/cmsy/m/n on input line 86.
LaTeX Font Info:    ... okay on input line 86.
LaTeX Font Info:    Checking defaults for OMX/cmex/m/n on input line 86.
LaTeX Font Info:    ... okay on input line 86.
LaTeX Font Info:    Checking defaults for U/cmr/m/n on input line 86.
LaTeX Font Info:    ... okay on input line 86.
LaTeX Font Info:    Checking defaults for TS1/cmr/m/n on input line 86.
LaTeX Font Info:    Try loading font information for TS1+cmr on input line 86.

(/usr/local/texlive/2012/texmf-dist/tex/latex/base/ts1cmr.fd
File: ts1cmr.fd 1999/05/25 v2.5h Standard LaTeX font definitions
)
LaTeX Font Info:    ... okay on input line 86.
LaTeX Font Info:    Checking defaults for PD1/pdf/m/n on input line 86.
LaTeX Font Info:    ... okay on input line 86.

(/usr/local/texlive/2012/texmf-dist/tex/context/base/supp-pdf.mkii
[Loading MPS to PDF converter (version 2006.09.02).]
\scratchcounter=\count130
\scratchdimen=\dimen129
\scratchbox=\box35
\nofMPsegments=\count131
\nofMParguments=\count132
\everyMPshowfont=\toks29
\MPscratchCnt=\count133
\MPscratchDim=\dimen130
\MPnumerator=\count134
\makeMPintoPDFobject=\count135
\everyMPtoPDFconversion=\toks30
) (/usr/local/texlive/2012/texmf-dist/tex/latex/oberdiek/epstopdf-base.sty
Package: epstopdf-base 2010/02/09 v2.5 Base part for package epstopdf

(/usr/local/texlive/2012/texmf-dist/tex/latex/oberdiek/grfext.sty
Package: grfext 2010/08/19 v1.1 Manage graphics extensions (HO)
)
Package grfext Info: Graphics extension search list:
(grfext)             [.png,.pdf,.jpg,.mps,.jpeg,.jbig2,.jb2,.PNG,.PDF,.JPG,.JPE
G,.JBIG2,.JB2,.eps]
(grfext)             \AppendGraphicsExtensions on input line 452.

(/usr/local/texlive/2012/texmf-dist/tex/latex/latexconfig/epstopdf-sys.cfg
File: epstopdf-sys.cfg 2010/07/13 v1.3 Configuration of (r)epstopdf for TeX Liv
e
))
\AtBeginShipoutBox=\box36
\c@lstlisting=\count136
Package hyperref Info: Link coloring ON on input line 86.

(/usr/local/texlive/2012/texmf-dist/tex/latex/hyperref/nameref.sty
Package: nameref 2012/07/31 v2.42 Cross-referencing by name of section

(/usr/local/texlive/2012/texmf-dist/tex/generic/oberdiek/gettitlestring.sty
Package: gettitlestring 2010/12/03 v1.4 Cleanup title references (HO)
)
\c@section@level=\count137
)
LaTeX Info: Redefining \ref on input line 86.
LaTeX Info: Redefining \pageref on input line 86.
LaTeX Info: Redefining \nameref on input line 86.

(./Report.out) (./Report.out)
\@outlinefile=\write3
\openout3 = `Report.out'.

LaTeX Font Info:    Try loading font information for U+msa on input line 92.

(/usr/local/texlive/2012/texmf-dist/tex/latex/amsfonts/umsa.fd
File: umsa.fd 2009/06/22 v3.00 AMS symbols A
)
LaTeX Font Info:    Try loading font information for U+msb on input line 92.

(/usr/local/texlive/2012/texmf-dist/tex/latex/amsfonts/umsb.fd
File: umsb.fd 2009/06/22 v3.00 AMS symbols B
)
<pics/ethlogo.pdf, id=59, 192.72pt x 59.22125pt>
File: pics/ethlogo.pdf Graphic file (type pdf)
 <use pics/ethlogo.pdf>
Package pdftex.def Info: pics/ethlogo.pdf used on input line 92.
(pdftex.def)             Requested size: 166.67108pt x 51.21504pt.

Overfull \vbox (18.81508pt too high) detected at line 92
 []

<pics/ins.png, id=60, 150.5625pt x 84.315pt>
File: pics/ins.png Graphic file (type png)
 <use pics/ins.png>
Package pdftex.def Info: pics/ins.png used on input line 92.
(pdftex.def)             Requested size: 60.97058pt x 34.14322pt.

Overfull \vbox (35.36234pt too high) detected at line 92
 []


Overfull \hbox (94.58678pt too wide) in paragraph at lines 92--92
 |  [] 
 []


Overfull \hbox (122.7123pt too wide) in paragraph at lines 92--92
 []|  [][][] 
 []


Overfull \hbox (122.7123pt too wide) in paragraph at lines 92--92
 []|  [][][] 
 []


Overfull \hbox (105.9677pt too wide) in paragraph at lines 92--92
 []|  [] 
 []

<pics/cover.png, id=61, 357.335pt x 363.3575pt>
File: pics/cover.png Graphic file (type png)
 <use pics/cover.png>
Package pdftex.def Info: pics/cover.png used on input line 92.
(pdftex.def)             Requested size: 200.75073pt x 204.13304pt.

Underfull \vbox (badness 10000) has occurred while \output is active []

 [1

{/usr/local/texlive/2012/texmf-var/fonts/map/pdftex/updmap/pdftex.map} <./pics/
ethlogo.pdf> <./pics/ins.png> <./pics/cover.png>]
\openout2 = `preamble.aux'.

 (./preamble.tex (./Report.toc)
\tf@toc=\write4
\openout4 = `Report.toc'.


[1



] (./Report.lof)
\tf@lof=\write5
\openout5 = `Report.lof'.

) [2

]
\openout2 = `introduction.aux'.

 (./introduction.tex
Chapter 1.

Underfull \hbox (badness 10000) in paragraph at lines 4--5

 []


Underfull \hbox (badness 10000) in paragraph at lines 6--7

 []

<pics/setup_schematic.png, id=135, 554.07pt x 349.305pt>
File: pics/setup_schematic.png Graphic file (type png)

<use pics/setup_schematic.png>
Package pdftex.def Info: pics/setup_schematic.png used on input line 10.
(pdftex.def)             Requested size: 361.34999pt x 227.80774pt.
)pdfTeX warning (ext4): destination with the same identifier (name{page.1}) has
 been already used, duplicate ignored
<to be read again> 
                   \relax 
l.112  \include{introduction}
                              [1



 <./pics/setup_schematic.png>]
\openout2 = `experimentalsetup.aux'.


(./experimentalsetup.tex
Chapter 2.

Underfull \hbox (badness 10000) in paragraph at lines 4--5

 []


Underfull \hbox (badness 10000) in paragraph at lines 7--8

 []


Underfull \hbox (badness 10000) in paragraph at lines 9--10

 []

<pics/setup1.png, id=140, 1312.905pt x 716.6775pt>
File: pics/setup1.png Graphic file (type png)
 <use pics/setup1.png>
Package pdftex.def Info: pics/setup1.png used on input line 13.
(pdftex.def)             Requested size: 361.34999pt x 197.24548pt.

[2



 <./pics/setup1.png>]
Underfull \hbox (badness 10000) in paragraph at lines 29--30

 []

) [3]
\openout2 = `methodofattack.aux'.

 (./methodofattack.tex
Chapter 3.

Underfull \hbox (badness 10000) in paragraph at lines 18--19

 []


Underfull \hbox (badness 10000) in paragraph at lines 20--21

 []


Underfull \hbox (badness 10000) in paragraph at lines 22--34

 []

[4



]) [5]
\openout2 = `results.aux'.

 (./results.tex
Chapter 4.
<pics/figure2_run2.png, id=167, 578.16pt x 434.1018pt>
File: pics/figure2_run2.png Graphic file (type png)

<use pics/figure2_run2.png>
Package pdftex.def Info: pics/figure2_run2.png used on input line 10.
(pdftex.def)             Requested size: 234.87527pt x 176.3468pt.

Underfull \hbox (badness 10000) in paragraph at lines 15--16

 []

<pics/figure3_run2.png, id=170, 578.16pt x 434.1018pt>
File: pics/figure3_run2.png Graphic file (type png)

<use pics/figure3_run2.png>
Package pdftex.def Info: pics/figure3_run2.png used on input line 20.
(pdftex.def)             Requested size: 234.87527pt x 176.3468pt.

Underfull \vbox (badness 10000) has occurred while \output is active []

 [6



 <./pics/figure2_run2.png (PNG copy)>]
<pics/figure4_run2.png, id=176, 578.16pt x 434.1018pt>
File: pics/figure4_run2.png Graphic file (type png)

<use pics/figure4_run2.png>
Package pdftex.def Info: pics/figure4_run2.png used on input line 29.
(pdftex.def)             Requested size: 234.87527pt x 176.3468pt.

Underfull \hbox (badness 10000) in paragraph at lines 34--35

 []

<pics/figure5_run2.png, id=178, 578.16pt x 434.1018pt>
File: pics/figure5_run2.png Graphic file (type png)

<use pics/figure5_run2.png>
Package pdftex.def Info: pics/figure5_run2.png used on input line 43.
(pdftex.def)             Requested size: 234.87527pt x 176.3468pt.
 [7 <./pics/figure3_run2.png (PNG copy)> <./pics/figure4_run2.png (PNG copy)>]
Underfull \hbox (badness 10000) in paragraph at lines 55--56

 []

<pics/figure2_run3.png, id=183, 578.16pt x 434.1018pt>
File: pics/figure2_run3.png Graphic file (type png)

<use pics/figure2_run3.png>
Package pdftex.def Info: pics/figure2_run3.png used on input line 61.
(pdftex.def)             Requested size: 234.87527pt x 176.3468pt.

<pics/figure3_run3.png, id=186, 578.16pt x 434.1018pt>
File: pics/figure3_run3.png Graphic file (type png)

<use pics/figure3_run3.png>
Package pdftex.def Info: pics/figure3_run3.png used on input line 71.
(pdftex.def)             Requested size: 234.87527pt x 176.3468pt.
 [8 <./pics/figure5_run2.png (PNG copy)> <./pics/figure2_run3.png (PNG copy)>]
<pics/figure4_run3.png, id=192, 578.16pt x 434.1018pt>
File: pics/figure4_run3.png Graphic file (type png)

<use pics/figure4_run3.png>
Package pdftex.def Info: pics/figure4_run3.png used on input line 81.
(pdftex.def)             Requested size: 234.87527pt x 176.3468pt.

<pics/figure5_run3.png, id=195, 578.16pt x 434.1018pt>
File: pics/figure5_run3.png Graphic file (type png)

<use pics/figure5_run3.png>
Package pdftex.def Info: pics/figure5_run3.png used on input line 91.
(pdftex.def)             Requested size: 234.87527pt x 176.3468pt.

Underfull \vbox (badness 10000) has occurred while \output is active []

 [9 <./pics/figure3_run3.png (PNG copy)> <./pics/figure4_run3.png (PNG copy)>]
<pics/croprun2.png, id=202, 271.0125pt x 316.18124pt>
File: pics/croprun2.png Graphic file (type png)
 <use pics/croprun2.png>
Package pdftex.def Info: pics/croprun2.png used on input line 104.
(pdftex.def)             Requested size: 133.69772pt x 155.98672pt.

<pics/croprun3.png, id=203, 271.0125pt x 316.18124pt>
File: pics/croprun3.png Graphic file (type png)
 <use pics/croprun3.png>
Package pdftex.def Info: pics/croprun3.png used on input line 104.
(pdftex.def)             Requested size: 133.69772pt x 155.98672pt.

<pics/figure6_run2.png, id=206, 1003.5894pt x 401.8212pt>
File: pics/figure6_run2.png Graphic file (type png)

<use pics/figure6_run2.png>
Package pdftex.def Info: pics/figure6_run2.png used on input line 113.
(pdftex.def)             Requested size: 325.21278pt x 130.21019pt.
)
Underfull \vbox (badness 10000) has occurred while \output is active []

 [10 <./pics/figure5_run3.png (PNG copy)> <./pics/croprun2.png> <./pics/croprun
3.png>]
[11 <./pics/figure6_run2.png (PNG copy)>]
\openout2 = `conclusion.aux'.

 (./conclusion.tex
Chapter 5.

Underfull \hbox (badness 10000) in paragraph at lines 10--11

 []


Underfull \hbox (badness 10000) in paragraph at lines 12--13

 []


Underfull \hbox (badness 10000) in paragraph at lines 18--19

 []

) [12



] (./Report.bbl) [13


]
\openout2 = `appendix.aux'.

 (./appendix.tex
Appendix A.
<pics/figure6_run3.png, id=229, 1003.5894pt x 401.8212pt>
File: pics/figure6_run3.png Graphic file (type png)

<use pics/figure6_run3.png>
Package pdftex.def Info: pics/figure6_run3.png used on input line 9.
(pdftex.def)             Requested size: 325.21278pt x 130.21019pt.
 [14


 <./pics/figure6_run3.png (PNG copy)>]
Appendix B.
<pics/figure1_run2.png, id=234, 578.16pt x 434.1018pt>
File: pics/figure1_run2.png Graphic file (type png)

<use pics/figure1_run2.png>
Package pdftex.def Info: pics/figure1_run2.png used on input line 18.
(pdftex.def)             Requested size: 361.34999pt x 271.31296pt.

<pics/figure1_run3.png, id=235, 578.16pt x 434.1018pt>
File: pics/figure1_run3.png Graphic file (type png)

<use pics/figure1_run3.png>
Package pdftex.def Info: pics/figure1_run3.png used on input line 26.
(pdftex.def)             Requested size: 361.34999pt x 271.31296pt.


LaTeX Warning: `h' float specifier changed to `ht'.

[15

 <./pics/figure1_run2.png (PNG copy)>] [16 <./pics/figure1_run3.png (PNG copy)>
]
Appendix C.
[17

] <pics/code.pdf, id=251, page=1, 614.295pt x 794.97pt>
File: pics/code.pdf Graphic file (type pdf)

<use pics/code.pdf, page 1>
Package pdftex.def Info: pics/code.pdf, page1 used on input line 46.
(pdftex.def)             Requested size: 614.29349pt x 794.96806pt.
File: pics/code.pdf Graphic file (type pdf)
 <use pics/code.pdf, page 1>
Package pdftex.def Info: pics/code.pdf, page1 used on input line 46.
(pdftex.def)             Requested size: 552.86038pt x 715.4664pt.
File: pics/code.pdf Graphic file (type pdf)

<use pics/code.pdf, page 1>
Package pdftex.def Info: pics/code.pdf, page1 used on input line 46.
(pdftex.def)             Requested size: 552.86038pt x 715.4664pt.
File: pics/code.pdf Graphic file (type pdf)
 <use pics/code.pdf, page 1>
Package pdftex.def Info: pics/code.pdf, page1 used on input line 46.
(pdftex.def)             Requested size: 552.86038pt x 715.4664pt.
File: pics/code.pdf Graphic file (type pdf)

<use pics/code.pdf, page 1>
Package pdftex.def Info: pics/code.pdf, page1 used on input line 46.
(pdftex.def)             Requested size: 552.86038pt x 715.4664pt.
 [18 <./pics/code.pdf>]
<pics/code.pdf, id=281, page=2, 614.295pt x 794.97pt>
File: pics/code.pdf Graphic file (type pdf)

<use pics/code.pdf, page 2>
Package pdftex.def Info: pics/code.pdf, page2 used on input line 46.
(pdftex.def)             Requested size: 552.86038pt x 715.4664pt.
File: pics/code.pdf Graphic file (type pdf)
 <use pics/code.pdf, page 2>
Package pdftex.def Info: pics/code.pdf, page2 used on input line 46.
(pdftex.def)             Requested size: 552.86038pt x 715.4664pt.
File: pics/code.pdf Graphic file (type pdf)

<use pics/code.pdf, page 2>
Package pdftex.def Info: pics/code.pdf, page2 used on input line 46.
(pdftex.def)             Requested size: 552.86038pt x 715.4664pt.
 [19 <./pics/code.pdf>]
<pics/code.pdf, id=287, page=3, 614.295pt x 794.97pt>
File: pics/code.pdf Graphic file (type pdf)

<use pics/code.pdf, page 3>
Package pdftex.def Info: pics/code.pdf, page3 used on input line 46.
(pdftex.def)             Requested size: 552.86038pt x 715.4664pt.
File: pics/code.pdf Graphic file (type pdf)
 <use pics/code.pdf, page 3>
Package pdftex.def Info: pics/code.pdf, page3 used on input line 46.
(pdftex.def)             Requested size: 552.86038pt x 715.4664pt.
File: pics/code.pdf Graphic file (type pdf)

<use pics/code.pdf, page 3>
Package pdftex.def Info: pics/code.pdf, page3 used on input line 46.
(pdftex.def)             Requested size: 552.86038pt x 715.4664pt.
 [20 <./pics/code.pdf>])
Package atveryend Info: Empty hook `BeforeClearDocument' on input line 142.
Package atveryend Info: Empty hook `AfterLastShipout' on input line 142.
 (./Report.aux
(./preamble.aux) (./introduction.aux) (./experimentalsetup.aux)
(./methodofattack.aux) (./results.aux) (./conclusion.aux) (./appendix.aux))
Package atveryend Info: Executing hook `AtVeryEndDocument' on input line 142.
Package atveryend Info: Executing hook `AtEndAfterFileList' on input line 142.
Package rerunfilecheck Info: File `Report.out' has not changed.
(rerunfilecheck)             Checksum: 0256E6099427CC9F17F444207E543C43;873.
Package atveryend Info: Empty hook `AtVeryVeryEnd' on input line 142.
 ) 
Here is how much of TeX's memory you used:
 9603 strings out of 493488
 138868 string characters out of 3141325
 316007 words of memory out of 3000000
 12621 multiletter control sequences out of 15000+200000
 8098 words of font info for 31 fonts, out of 3000000 for 9000
 957 hyphenation exceptions out of 8191
 47i,20n,52p,1082b,458s stack positions out of 5000i,500n,10000p,200000b,50000s
{/usr/local/texlive/2012/texmf-dist/fonts/enc/dvips/cm-super/cm-super-ts1.enc
}</usr/local/texlive/2012/texmf-dist/fonts/type1/public/amsfonts/cm/cmbx10.pfb>
</usr/local/texlive/2012/texmf-dist/fonts/type1/public/amsfonts/cm/cmbx12.pfb><
/usr/local/texlive/2012/texmf-dist/fonts/type1/public/amsfonts/cm/cmmi10.pfb></
usr/local/texlive/2012/texmf-dist/fonts/type1/public/amsfonts/cm/cmmi5.pfb></us
r/local/texlive/2012/texmf-dist/fonts/type1/public/amsfonts/cm/cmmi7.pfb></usr/
local/texlive/2012/texmf-dist/fonts/type1/public/amsfonts/cm/cmr10.pfb></usr/lo
cal/texlive/2012/texmf-dist/fonts/type1/public/amsfonts/cm/cmr12.pfb></usr/loca
l/texlive/2012/texmf-dist/fonts/type1/public/amsfonts/cm/cmr17.pfb></usr/local/
texlive/2012/texmf-dist/fonts/type1/public/amsfonts/cm/cmr7.pfb></usr/local/tex
live/2012/texmf-dist/fonts/type1/public/amsfonts/cm/cmr8.pfb></usr/local/texliv
e/2012/texmf-dist/fonts/type1/public/amsfonts/cm/cmsy10.pfb></usr/local/texlive
/2012/texmf-dist/fonts/type1/public/cm-super/sfrm1000.pfb>
Output written on Report.pdf (23 pages, 3815976 bytes).
PDF statistics:
 347 PDF objects out of 1000 (max. 8388607)
 276 compressed objects within 3 object streams
 60 named destinations out of 1000 (max. 500000)
 233 words of extra memory for PDF output out of 10000 (max. 10000000)

